<?xml version="1.0" encoding="UTF-8"?>
<!-- Generated by org.testng.reporters.JUnitReportReporter -->
<testsuite hostname="Bhavna" failures="0" tests="2" name="TestNGpackage.sumo" time="0.026" errors="0" timestamp="2023-09-16T14:09:30 IST" skipped="0">
  <testcase classname="TestNGpackage.sumo" name="Method6" time="0.022">
    <system-out>
      <![CDATA[REMO CLASS : Method6]]>
    </system-out>
  </testcase> <!-- Method6 -->
  <testcase classname="TestNGpackage.sumo" name="Method5" time="0.004">
    <system-out>
      <![CDATA[REMO CLASS : Method5]]>
    </system-out>
  </testcase> <!-- Method5 -->
  <system-out>
    <![CDATA[REMO CLASS : Method4
REMO CLASS : Method3
REMO CLASS : Method5
REMO CLASS : Method6
methos1
method1]]>
  </system-out>
</testsuite> <!-- TestNGpackage.sumo -->
