<?xml version="1.0" encoding="UTF-8"?>
<!-- Generated by org.testng.reporters.JUnitReportReporter -->
<testsuite hostname="Bhavna" failures="0" tests="9" name="testNG_Annotations.Flag6" time="0.037" errors="0" timestamp="2023-09-25T12:34:38 IST" skipped="0">
  <testcase classname="testNG_Annotations.Flag6" name="it1" time="0.002"/>
  <testcase classname="testNG_Annotations.Flag6" name="it3" time="0.002"/>
  <testcase classname="testNG_Annotations.Flag6" name="st3" time="0.003"/>
  <testcase classname="testNG_Annotations.Flag6" name="ft2" time="0.003"/>
  <testcase classname="testNG_Annotations.Flag6" name="st1" time="0.001"/>
  <testcase classname="testNG_Annotations.Flag6" name="st2" time="0.003"/>
  <testcase classname="testNG_Annotations.Flag6" name="it2" time="0.003"/>
  <testcase classname="testNG_Annotations.Flag6" name="ft3" time="0.003"/>
  <testcase classname="testNG_Annotations.Flag6" name="ft1" time="0.017"/>
</testsuite> <!-- testNG_Annotations.Flag6 -->
