<?xml version="1.0" encoding="UTF-8"?>
<!-- Generated by org.testng.reporters.JUnitReportReporter -->
<testsuite hostname="Bhavna" failures="0" tests="3" name="testNG_Annotations.Flag1" time="0.019" errors="0" timestamp="2023-09-18T14:57:53 IST" skipped="0">
  <testcase classname="testNG_Annotations.Flag1" name="method2" time="0.002">
    <system-out>
      <![CDATA[Method2]]>
    </system-out>
  </testcase> <!-- method2 -->
  <testcase classname="testNG_Annotations.Flag1" name="method1" time="0.015">
    <system-out>
      <![CDATA[Method1]]>
    </system-out>
  </testcase> <!-- method1 -->
  <testcase classname="testNG_Annotations.Flag1" name="method3" time="0.002">
    <system-out>
      <![CDATA[Method3]]>
    </system-out>
  </testcase> <!-- method3 -->
  <system-out>
    <![CDATA[Method1
Method2
Method3]]>
  </system-out>
</testsuite> <!-- testNG_Annotations.Flag1 -->
