<?xml version="1.0" encoding="UTF-8"?>
<!-- Generated by org.testng.reporters.JUnitReportReporter -->
<testsuite hostname="Bhavna" failures="0" tests="2" name="testNG_Annotations.TestNG_Annotations" time="0.019" errors="0" timestamp="2023-09-18T13:57:31 IST" skipped="0">
  <testcase classname="testNG_Annotations.TestNG_Annotations" name="method_test_annotation2" time="0.006">
    <system-out>
      <![CDATA[Test_Annotation2]]>
    </system-out>
  </testcase> <!-- method_test_annotation2 -->
  <testcase classname="testNG_Annotations.TestNG_Annotations" name="method_test_annotation1" time="0.013">
    <system-out>
      <![CDATA[Test_Annotation1]]>
    </system-out>
  </testcase> <!-- method_test_annotation1 -->
  <system-out>
    <![CDATA[BeforesuitAnnotation
BeforeTestAnnotation
BeforeMethodAnnotation true
Test_Annotation1
AfterMethodAnnotation
BeforeMethodAnnotation true
Test_Annotation2
AfterMethodAnnotation
AfterTestAnnotation
AftersuitAnnotation]]>
  </system-out>
</testsuite> <!-- testNG_Annotations.TestNG_Annotations -->
