<?xml version="1.0" encoding="UTF-8"?>
<!-- Generated by org.testng.reporters.JUnitReportReporter -->
<testsuite hostname="Bhavna" failures="0" tests="2" name="TestNGpackage.searchjava" time="87.664" errors="0" timestamp="2023-09-17T11:06:28 IST" skipped="0">
  <testcase classname="TestNGpackage.searchjava" name="java_search_in_chrome" time="43.171">
    <system-out>
      <![CDATA[java]]>
    </system-out>
  </testcase> <!-- java_search_in_chrome -->
  <testcase classname="TestNGpackage.searchjava" name="java_search_in_chrome" time="44.493">
    <system-out>
      <![CDATA[java]]>
    </system-out>
  </testcase> <!-- java_search_in_chrome -->
  <system-out>
    <![CDATA[SQL
selenium
java
selenium
java]]>
  </system-out>
</testsuite> <!-- TestNGpackage.searchjava -->
