<?xml version="1.0" encoding="UTF-8"?>
<!-- Generated by org.testng.reporters.JUnitReportReporter -->
<testsuite hostname="Bhavna" failures="0" tests="2" name="TestNGpackage.SearchSelenium" time="81.753" errors="0" timestamp="2023-09-17T11:06:28 IST" skipped="0">
  <testcase classname="TestNGpackage.SearchSelenium" name="search_selenium_in_edge" time="40.960">
    <system-out>
      <![CDATA[selenium]]>
    </system-out>
  </testcase> <!-- search_selenium_in_edge -->
  <testcase classname="TestNGpackage.SearchSelenium" name="search_selenium_in_edge" time="40.793">
    <system-out>
      <![CDATA[selenium]]>
    </system-out>
  </testcase> <!-- search_selenium_in_edge -->
  <system-out>
    <![CDATA[SQL
selenium
java
selenium
java]]>
  </system-out>
</testsuite> <!-- TestNGpackage.SearchSelenium -->
