<?xml version="1.0" encoding="UTF-8"?>
<!-- Generated by org.testng.reporters.JUnitReportReporter -->
<testsuite hostname="Bhavna" failures="0" tests="3" name="testNG_Annotations.Flag5" time="0.023" errors="0" timestamp="2023-09-20T14:34:03 IST" skipped="0">
  <testcase classname="testNG_Annotations.Flag5" name="logoutMethod" time="0.003"/>
  <testcase classname="testNG_Annotations.Flag5" name="createUserMethod" time="0.003"/>
  <testcase classname="testNG_Annotations.Flag5" name="loginMethod" time="0.017"/>
</testsuite> <!-- testNG_Annotations.Flag5 -->
