<?xml version="1.0" encoding="UTF-8"?>
<!-- Generated by org.testng.reporters.JUnitReportReporter -->
<testsuite hostname="Bhavna" failures="0" tests="2" name="TestNGpackage.Remo" time="0.027" errors="0" timestamp="2023-09-16T14:09:30 IST" skipped="0">
  <testcase classname="TestNGpackage.Remo" name="Method4" time="0.022">
    <system-out>
      <![CDATA[REMO CLASS : Method4]]>
    </system-out>
  </testcase> <!-- Method4 -->
  <testcase classname="TestNGpackage.Remo" name="method3" time="0.005">
    <system-out>
      <![CDATA[REMO CLASS : Method3]]>
    </system-out>
  </testcase> <!-- method3 -->
  <system-out>
    <![CDATA[REMO CLASS : Method4
REMO CLASS : Method3
REMO CLASS : Method5
REMO CLASS : Method6
methos1
method1]]>
  </system-out>
</testsuite> <!-- TestNGpackage.Remo -->
