<?xml version="1.0" encoding="UTF-8"?>
<!-- Generated by org.testng.reporters.JUnitReportReporter -->
<testsuite hostname="Bhavna" failures="0" tests="2" name="TestNGpackage.TestNGClass3" time="0.038" errors="0" timestamp="2023-09-17T11:31:22 IST" skipped="0">
  <testcase classname="TestNGpackage.TestNGClass3" name="method5" time="0.019">
    <system-out>
      <![CDATA[TestNGClass3 : Method5]]>
    </system-out>
  </testcase> <!-- method5 -->
  <testcase classname="TestNGpackage.TestNGClass3" name="method6" time="0.019">
    <system-out>
      <![CDATA[TestNGClass3 : Method6]]>
    </system-out>
  </testcase> <!-- method6 -->
  <system-out>
    <![CDATA[TestNGClass1 : Method1
TestNGClass3 : Method5
TestNGClass3 : Method6
TestNGClass2 : Method4
TestNGClass2 : Method3
TestNGClass1 : Method2]]>
  </system-out>
</testsuite> <!-- TestNGpackage.TestNGClass3 -->
