<?xml version="1.0" encoding="UTF-8"?>
<!-- Generated by org.testng.reporters.JUnitReportReporter -->
<testsuite hostname="Bhavna" failures="0" tests="2" name="TestNGpackage.TestNGClass2" time="0.024" errors="0" timestamp="2023-09-20T14:16:19 IST" skipped="0">
  <testcase classname="TestNGpackage.TestNGClass2" name="method3" time="0.020">
    <system-out>
      <![CDATA[TestNGClass2 : Method3]]>
    </system-out>
  </testcase> <!-- method3 -->
  <testcase classname="TestNGpackage.TestNGClass2" name="method4" time="0.004">
    <system-out>
      <![CDATA[TestNGClass2 : Method4]]>
    </system-out>
  </testcase> <!-- method4 -->
  <system-out>
    <![CDATA[TestNGClass2 : Method3
TestNGClass2 : Method4]]>
  </system-out>
</testsuite> <!-- TestNGpackage.TestNGClass2 -->
