<?xml version="1.0" encoding="UTF-8"?>
<!-- Generated by org.testng.reporters.JUnitReportReporter -->
<testsuite hostname="Bhavna" failures="0" tests="10" name="testNG_Annotations.Flag4" time="0.032" errors="0" timestamp="2023-09-20T14:11:51 IST" skipped="0">
  <testcase classname="testNG_Annotations.Flag4" name="method1" time="0.013"/>
  <testcase classname="testNG_Annotations.Flag4" name="method2" time="0.002"/>
  <testcase classname="testNG_Annotations.Flag4" name="method3" time="0.002"/>
  <testcase classname="testNG_Annotations.Flag4" name="method4" time="0.002"/>
  <testcase classname="testNG_Annotations.Flag4" name="method5" time="0.002"/>
  <testcase classname="testNG_Annotations.Flag4" name="method6" time="0.002"/>
  <testcase classname="testNG_Annotations.Flag4" name="method7" time="0.002"/>
  <testcase classname="testNG_Annotations.Flag4" name="method8" time="0.003"/>
  <testcase classname="testNG_Annotations.Flag4" name="method9" time="0.002"/>
  <testcase classname="testNG_Annotations.Flag4" name="method10" time="0.002"/>
</testsuite> <!-- testNG_Annotations.Flag4 -->
