<?xml version="1.0" encoding="UTF-8"?>
<!-- Generated by org.testng.reporters.JUnitReportReporter -->
<testsuite hostname="Bhavna" failures="0" tests="2" name="TestNGpackage.NewTest" time="0.007" errors="0" timestamp="2023-09-16T14:09:30 IST" skipped="0">
  <testcase classname="TestNGpackage.NewTest" name="method1" time="0.003">
    <system-out>
      <![CDATA[methos1]]>
    </system-out>
  </testcase> <!-- method1 -->
  <testcase classname="TestNGpackage.NewTest" name="method2" time="0.004">
    <system-out>
      <![CDATA[method1]]>
    </system-out>
  </testcase> <!-- method2 -->
  <system-out>
    <![CDATA[REMO CLASS : Method4
REMO CLASS : Method3
REMO CLASS : Method5
REMO CLASS : Method6
methos1
method1]]>
  </system-out>
</testsuite> <!-- TestNGpackage.NewTest -->
